<?xml version="1.0" encoding="UTF-8"?>
<testsuite name="MainClassTest$minimumSwap" tests="1" skipped="0" failures="0" errors="0" timestamp="2019-11-23T11:44:06" hostname="nbgyan" time="0.001">
  <properties/>
  <testcase name="allElementsInWrongPositions()" classname="MainClassTest$minimumSwap" time="0.001"/>
  <system-out><![CDATA[]]></system-out>
  <system-err><![CDATA[]]></system-err>
</testsuite>
